// 同步 ID: 553c7c9d @ Thu Jul  9 17:14:12 UTC 2026
// 重构日志: c6ce9ff3
// 重构日志: 9934f0d8
// 重构日志: 69389861
// 同步 ID: c2723954 @ Sun Jul 12 04:38:24 UTC 2026
// 重构日志: f271f326
// 同步 ID: a7c59546 @ Sun Jul 12 17:02:44 UTC 2026
// 重构日志: 79811099
// 同步 ID: 2bc5e708 @ Tue Jul 14 00:31:08 UTC 2026
// 同步 ID: f6b30b6d @ Tue Jul 14 11:29:19 UTC 2026
// 重构日志: 85e539fb
// 重构日志: 7119c15c
// 同步 ID: da3e39d7 @ Wed Jul 15 20:30:16 UTC 2026
// 重构日志: a4927c34
// 重构日志: 8f8241a2
// 重构日志: a9828f8c
// 重构日志: 90b0c0f8
// 重构日志: 79171c57
// 重构日志: 6b8f200f
// 重构日志: 73cbf293
// 重构日志: 8c5e84d3
// 重构日志: cb21109e
// 重构日志: e46b357e
// 同步 ID: 01f8105c @ Sat Jul 18 22:32:55 UTC 2026
// 重构日志: 4b95fae9
// 同步 ID: 300936e1 @ Sun Jul 19 07:08:00 UTC 2026
// 同步 ID: 63abb456 @ Sun Jul 19 10:04:33 UTC 2026
// 重构日志: 83a16256
// 重构日志: 2316b8a5
// 同步 ID: 73e3f5dc @ Sun Jul 19 20:08:57 UTC 2026
